2025-05-17 18:15:28 error: 无法连接到数据库，服务器启动失败
2025-05-17 18:20:17 error: 获取头条文章失败: 获取头条文章失败: Incorrect arguments to mysqld_stmt_execute
2025-05-17 18:20:17 error: 获取文章列表失败: 获取文章列表失败: Incorrect arguments to mysqld_stmt_execute
2025-05-17 18:20:47 error: 获取文章列表失败: 获取文章列表失败: Incorrect arguments to mysqld_stmt_execute
2025-05-17 18:20:47 error: 获取文章列表失败: 获取文章列表失败: Incorrect arguments to mysqld_stmt_execute
2025-05-17 18:21:54 error: 获取头条文章失败: 获取头条文章失败: Incorrect arguments to mysqld_stmt_execute
2025-05-17 18:21:54 error: 获取文章列表失败: 获取文章列表失败: Incorrect arguments to mysqld_stmt_execute
2025-05-17 18:21:54 error: 获取头条文章失败: 获取头条文章失败: Incorrect arguments to mysqld_stmt_execute
2025-05-17 18:21:54 error: 获取文章列表失败: 获取文章列表失败: Incorrect arguments to mysqld_stmt_execute
2025-05-17 18:22:00 error: 获取文章列表失败: 获取文章列表失败: Incorrect arguments to mysqld_stmt_execute
2025-05-17 18:22:01 error: 获取文章列表失败: 获取文章列表失败: Incorrect arguments to mysqld_stmt_execute
2025-05-17 18:22:03 error: 获取头条文章失败: 获取头条文章失败: Incorrect arguments to mysqld_stmt_execute
2025-05-17 18:22:03 error: 获取文章列表失败: 获取文章列表失败: Incorrect arguments to mysqld_stmt_execute
2025-05-17 18:22:04 error: 获取头条文章失败: 获取头条文章失败: Incorrect arguments to mysqld_stmt_execute
2025-05-17 18:22:04 error: 获取文章列表失败: 获取文章列表失败: Incorrect arguments to mysqld_stmt_execute
2025-05-17 18:22:06 error: 获取头条文章失败: 获取头条文章失败: Incorrect arguments to mysqld_stmt_execute
2025-05-17 18:22:06 error: 获取文章列表失败: 获取文章列表失败: Incorrect arguments to mysqld_stmt_execute
2025-05-17 18:22:11 error: 获取头条文章失败: 获取头条文章失败: Incorrect arguments to mysqld_stmt_execute
2025-05-17 18:22:11 error: 获取文章列表失败: 获取文章列表失败: Incorrect arguments to mysqld_stmt_execute
2025-05-17 18:22:13 error: 获取文章列表失败: 获取文章列表失败: Incorrect arguments to mysqld_stmt_execute
2025-05-17 18:22:14 error: 获取文章列表失败: 获取文章列表失败: Incorrect arguments to mysqld_stmt_execute
2025-05-17 18:23:03 error: 获取头条文章失败: 获取头条文章失败: Incorrect arguments to mysqld_stmt_execute
2025-05-17 18:23:03 error: 获取文章列表失败: 获取文章列表失败: Incorrect arguments to mysqld_stmt_execute
2025-05-17 18:25:02 error: 获取头条文章失败: 获取头条文章失败: Incorrect arguments to mysqld_stmt_execute
2025-05-17 18:25:02 error: 获取文章列表失败: 获取文章列表失败: Incorrect arguments to mysqld_stmt_execute
2025-05-17 18:26:26 error: 获取头条文章失败: 获取头条文章失败: Incorrect arguments to mysqld_stmt_execute
2025-05-17 18:26:26 error: 获取文章列表失败: 获取文章列表失败: Incorrect arguments to mysqld_stmt_execute
2025-05-17 18:28:02 error: 获取头条文章失败: 获取头条文章失败: Incorrect arguments to mysqld_stmt_execute
2025-05-17 18:28:27 error: 获取头条文章失败: 获取头条文章失败: Incorrect arguments to mysqld_stmt_execute
2025-05-17 20:17:28 error: 获取热门分类失败: 获取热门分类失败: Incorrect arguments to mysqld_stmt_execute
2025-05-17 20:17:29 error: 获取热门分类失败: 获取热门分类失败: Incorrect arguments to mysqld_stmt_execute
2025-05-17 20:47:17 error: 获取收藏列表失败: 获取收藏列表失败: Incorrect arguments to mysqld_stmt_execute
2025-05-17 20:47:17 error: 获取收藏列表失败: 获取收藏列表失败: Incorrect arguments to mysqld_stmt_execute
2025-05-17 20:47:19 error: 获取收藏列表失败: 获取收藏列表失败: Incorrect arguments to mysqld_stmt_execute
2025-05-17 21:08:02 error: 获取收藏列表失败: 获取收藏列表失败: Incorrect arguments to mysqld_stmt_execute
2025-05-17 21:09:16 error: 获取收藏列表失败: 获取收藏列表失败: Incorrect arguments to mysqld_stmt_execute
2025-05-17 21:09:19 error: 获取收藏列表失败: 获取收藏列表失败: Incorrect arguments to mysqld_stmt_execute
2025-05-17 21:09:21 error: 获取收藏列表失败: 获取收藏列表失败: Incorrect arguments to mysqld_stmt_execute
2025-05-17 21:11:08 error: 获取收藏列表失败: 获取收藏列表失败: Incorrect arguments to mysqld_stmt_execute
2025-05-17 21:11:08 error: 获取收藏列表失败: 获取收藏列表失败: Incorrect arguments to mysqld_stmt_execute
2025-05-17 21:18:15 error: 获取阅读历史失败: 获取阅读历史失败: Table 'news_platform.read_history' doesn't exist
2025-05-17 21:18:32 error: 添加阅读历史失败: 添加阅读历史失败: Table 'news_platform.read_history' doesn't exist
2025-05-17 21:18:34 error: 获取阅读历史失败: 获取阅读历史失败: Table 'news_platform.read_history' doesn't exist
2025-05-17 21:40:27 error: 获取用户通知失败: pool.query is not a function
2025-05-17 21:40:27 error: 获取用户通知失败: 获取通知列表失败
2025-05-17 21:40:49 error: 获取用户通知失败: pool.query is not a function
2025-05-17 21:40:49 error: 获取用户通知失败: 获取通知列表失败
2025-05-17 21:42:13 error: 获取用户通知失败: Incorrect arguments to mysqld_stmt_execute
2025-05-17 21:42:13 error: 获取用户通知失败: 获取通知列表失败
2025-05-17 21:42:46 error: 获取用户通知失败: Incorrect arguments to mysqld_stmt_execute
2025-05-17 21:42:46 error: 获取用户通知失败: 获取通知列表失败
2025-05-17 21:43:02 error: 获取用户通知失败: Incorrect arguments to mysqld_stmt_execute
2025-05-17 21:43:02 error: 获取用户通知失败: 获取通知列表失败
2025-05-17 21:43:03 error: 获取用户通知失败: Incorrect arguments to mysqld_stmt_execute
2025-05-17 21:43:03 error: 获取用户通知失败: 获取通知列表失败
2025-05-17 21:43:04 error: 获取用户通知失败: Incorrect arguments to mysqld_stmt_execute
2025-05-17 21:43:04 error: 获取用户通知失败: 获取通知列表失败
2025-05-18 14:04:57 error: 获取文章详情失败: 获取文章详情失败: Table 'news_platform.article_images' doesn't exist
2025-05-18 14:43:23 error: 文件上传错误: ENOENT: no such file or directory, open 'C:\Users\HH\Desktop\微信小程序期末设计\新闻平台\server\uploads\1747550603539-603359030.jpg'
2025-05-18 14:43:27 error: 文件上传错误: ENOENT: no such file or directory, open 'C:\Users\HH\Desktop\微信小程序期末设计\新闻平台\server\uploads\1747550607532-601511121.jpg'
2025-05-20 08:47:29 error: Multer上传错误: Unexpected field
2025-05-20 08:47:34 error: Multer上传错误: Unexpected field
2025-05-20 08:47:37 error: Multer上传错误: Unexpected field
2025-05-20 08:47:44 error: Multer上传错误: Unexpected field
2025-05-20 08:47:45 error: Multer上传错误: Unexpected field
2025-05-20 08:47:45 error: Multer上传错误: Unexpected field
2025-05-20 08:47:46 error: Multer上传错误: Unexpected field
2025-05-20 08:47:46 error: Multer上传错误: Unexpected field
2025-05-20 08:50:31 error: 创建文章失败: 创建文章失败: You have an error in your SQL syntax; check the manual that corresponds to your MySQL server version for the right syntax to use near '?' at line 1
2025-05-20 08:52:52 error: 创建文章失败: 创建文章失败: Bind parameters must not contain undefined. To pass SQL NULL specify JS null
2025-05-20 09:43:54 error: SQL执行失败: Unknown database 'news_platform'
2025-05-20 09:43:54 error: SQL语句: SELECT 
          id, name, icon, bg_color, color_start, color_end, sort_order 
        FROM categories 
        WHERE is_hot = 1 
        ORDER BY sort_order, id 
        LIMIT ?
2025-05-20 09:43:54 error: 参数: [6]
2025-05-20 09:43:54 error: 获取热门分类失败: 获取热门分类失败: Unknown database 'news_platform'
2025-05-20 09:43:54 error: 获取头条文章失败: 获取头条文章失败: Unknown database 'news_platform'
2025-05-20 09:43:54 error: 获取文章列表失败: 获取文章列表失败: Unknown database 'news_platform'
2025-05-20 09:43:54 error: 获取文章列表失败: 获取文章列表失败: Unknown database 'news_platform'
